logger 2024-12-30 00:42:04,000 INFO База данных запущена
logger 2024-12-30 00:42:04,003 INFO Задача reset_to_zero_debt успешно добавлена.
logger 2024-12-30 00:42:04,003 INFO Задача reset_to_zero_readings успешно добавлена.
logger 2024-12-30 00:42:04,003 INFO Планировщик задач запущен
logger 2024-12-30 00:42:20,658 INFO База данных закрыта
logger 2024-12-30 00:42:20,658 INFO Планировщик задач остановлен
logger 2025-01-09 11:29:52,324 INFO База данных запущена
logger 2025-01-09 11:29:52,329 INFO Задача reset_to_zero_debt успешно добавлена.
logger 2025-01-09 11:29:52,329 INFO Задача reset_to_zero_readings успешно добавлена.
logger 2025-01-09 11:29:52,330 INFO Планировщик задач запущен
logger 2025-01-09 11:34:35,896 INFO База данных закрыта
logger 2025-01-09 11:34:35,897 INFO Планировщик задач остановлен
logger 2025-01-14 20:25:25,803 INFO База данных запущена
logger 2025-01-14 20:25:25,809 INFO Задача reset_to_zero_debt успешно добавлена.
logger 2025-01-14 20:25:25,809 INFO Задача reset_to_zero_readings успешно добавлена.
logger 2025-01-14 20:25:25,810 INFO Планировщик задач запущен
logger 2025-01-14 20:25:38,842 INFO Пользователь 7320 393957 успешно добавлен
logger 2025-01-14 20:25:44,053 WARNING Данные для пользователя 7320 393957 отсутствуют в базе.
logger 2025-01-15 17:44:22,979 INFO База данных закрыта
logger 2025-01-15 17:44:22,982 INFO Планировщик задач остановлен
